mode: set
github.com/nomnemonic/nomnemonic/nomnemonic.go:59.46,60.24 1 1
github.com/nomnemonic/nomnemonic/nomnemonic.go:63.2,64.26 2 1
github.com/nomnemonic/nomnemonic/nomnemonic.go:67.2,70.8 1 1
github.com/nomnemonic/nomnemonic/nomnemonic.go:60.24,62.3 1 1
github.com/nomnemonic/nomnemonic/nomnemonic.go:64.26,66.3 1 1
github.com/nomnemonic/nomnemonic/nomnemonic.go:74.98,77.49 2 1
github.com/nomnemonic/nomnemonic/nomnemonic.go:81.2,81.45 1 1
github.com/nomnemonic/nomnemonic/nomnemonic.go:85.2,85.43 1 1
github.com/nomnemonic/nomnemonic/nomnemonic.go:89.2,90.16 2 1
github.com/nomnemonic/nomnemonic/nomnemonic.go:93.2,97.36 4 1
github.com/nomnemonic/nomnemonic/nomnemonic.go:101.2,103.16 3 1
github.com/nomnemonic/nomnemonic/nomnemonic.go:107.2,118.33 9 1
github.com/nomnemonic/nomnemonic/nomnemonic.go:124.2,128.19 4 1
github.com/nomnemonic/nomnemonic/nomnemonic.go:77.49,79.3 1 1
github.com/nomnemonic/nomnemonic/nomnemonic.go:81.45,83.3 1 1
github.com/nomnemonic/nomnemonic/nomnemonic.go:85.43,87.3 1 1
github.com/nomnemonic/nomnemonic/nomnemonic.go:90.16,92.3 1 1
github.com/nomnemonic/nomnemonic/nomnemonic.go:97.36,99.3 1 1
github.com/nomnemonic/nomnemonic/nomnemonic.go:103.16,105.3 1 1
github.com/nomnemonic/nomnemonic/nomnemonic.go:118.33,120.3 1 1
github.com/nomnemonic/nomnemonic/nomnemonic.go:132.71,135.16 3 1
github.com/nomnemonic/nomnemonic/nomnemonic.go:139.2,142.27 4 1
github.com/nomnemonic/nomnemonic/nomnemonic.go:146.2,146.44 1 1
github.com/nomnemonic/nomnemonic/nomnemonic.go:135.16,137.3 1 1
github.com/nomnemonic/nomnemonic/nomnemonic.go:142.27,144.3 1 1
github.com/nomnemonic/nomnemonic/nomnemonic.go:151.80,154.2 2 1
github.com/nomnemonic/nomnemonic/nomnemonic.go:158.82,161.2 2 1
github.com/nomnemonic/nomnemonic/nomnemonic.go:165.60,168.16 3 1
github.com/nomnemonic/nomnemonic/nomnemonic.go:172.2,176.27 4 1
github.com/nomnemonic/nomnemonic/nomnemonic.go:180.2,180.19 1 1
github.com/nomnemonic/nomnemonic/nomnemonic.go:168.16,170.3 1 1
github.com/nomnemonic/nomnemonic/nomnemonic.go:176.27,178.3 1 1
github.com/nomnemonic/nomnemonic/nomnemonic.go:183.78,185.16 2 1
github.com/nomnemonic/nomnemonic/nomnemonic.go:189.2,190.16 2 1
github.com/nomnemonic/nomnemonic/nomnemonic.go:194.2,195.26 2 1
github.com/nomnemonic/nomnemonic/nomnemonic.go:198.2,198.18 1 1
github.com/nomnemonic/nomnemonic/nomnemonic.go:185.16,187.3 1 1
github.com/nomnemonic/nomnemonic/nomnemonic.go:190.16,192.3 1 1
github.com/nomnemonic/nomnemonic/nomnemonic.go:195.26,197.3 1 1
github.com/nomnemonic/nomnemonic/nomnemonic.go:201.64,204.2 2 1
github.com/nomnemonic/nomnemonic/nomnemonic.go:206.52,208.13 2 1
github.com/nomnemonic/nomnemonic/nomnemonic.go:211.2,211.12 1 1
github.com/nomnemonic/nomnemonic/nomnemonic.go:208.13,210.3 1 1
github.com/nomnemonic/nomnemonic/nomnemonic.go:214.66,215.26 1 1
github.com/nomnemonic/nomnemonic/nomnemonic.go:221.2,221.12 1 1
github.com/nomnemonic/nomnemonic/nomnemonic.go:215.26,217.10 2 1
github.com/nomnemonic/nomnemonic/nomnemonic.go:217.10,219.4 1 1
github.com/nomnemonic/nomnemonic/nomnemonic.go:224.42,230.30 5 1
github.com/nomnemonic/nomnemonic/nomnemonic.go:239.2,239.16 1 1
github.com/nomnemonic/nomnemonic/nomnemonic.go:244.2,245.11 2 1
github.com/nomnemonic/nomnemonic/nomnemonic.go:230.30,231.36 1 1
github.com/nomnemonic/nomnemonic/nomnemonic.go:236.3,237.10 2 1
github.com/nomnemonic/nomnemonic/nomnemonic.go:231.36,235.4 3 1
github.com/nomnemonic/nomnemonic/nomnemonic.go:239.16,242.3 2 1
github.com/nomnemonic/nomnemonic/nomnemonic.go:248.37,250.25 2 1
github.com/nomnemonic/nomnemonic/nomnemonic.go:253.2,253.12 1 1
github.com/nomnemonic/nomnemonic/nomnemonic.go:250.25,252.3 1 1
github.com/nomnemonic/nomnemonic/nomnemonic.go:256.35,259.2 2 1
github.com/nomnemonic/nomnemonic/nomnemonic.go:261.29,264.2 2 1
github.com/nomnemonic/nomnemonic/nomnemonic.go:266.46,269.25 3 1
github.com/nomnemonic/nomnemonic/nomnemonic.go:272.2,272.15 1 1
github.com/nomnemonic/nomnemonic/nomnemonic.go:269.25,271.3 1 1
